#include <iostream>
#include <array>

#include "Types.h"

namespace Zobrist {

static constexpr std::array<std::array<ZobristKey, 64>, 12> pieceSquareKeys = {
    /* 0 White Pawn */
    0xD6DAA8E6D7C65C69 /*  0 */,0xCD2452E571EBD0ED /*  1 */,0x4254A5E779DA3388 /*  2 */,0x4A79033AD5221BD7 /*  3 */,0x53396E7188F03BBB /*  4 */,0x9BEB017EFCB1A987 /*  5 */,0xF3AF88CAE9D8449C /*  6 */,0x84D023D37064ABCB /*  7 */,
    0xD969F6EBA7C7DE9B /*  8 */,0xA3981BB775205600 /*  9 */,0xA006EF2201BC6BC5 /* 10 */,0xA13D38F7F7B55C49 /* 11 */,0xB0CCE278D68FDF7B /* 12 */,0x22978B809ED0D9DD /* 13 */,0x01BB77718F919DC3 /* 14 */,0xD7EA87CA3CB300AF /* 15 */,
    0xC3B26A0A0B029E6C /* 16 */,0xFA31E7C148F439B6 /* 17 */,0xA5E4FF4030B1E9ED /* 18 */,0x1C37149D62A9AFD6 /* 19 */,0xDBA5446EF5D458B2 /* 20 */,0x0353544ED949B7FF /* 21 */,0x619993C2A2EBAB91 /* 22 */,0x8595A7A8F350BF90 /* 23 */,
    0x7F55696BEFC5451F /* 24 */,0x099CC2E45872BCBA /* 25 */,0xFD047A49D91943C9 /* 26 */,0x3A49D580D2C7BB1D /* 27 */,0x2C09745995DD9119 /* 28 */,0x890A9E82F776C889 /* 29 */,0x86BC484F3F571F0A /* 30 */,0x0D741D8997AC300E /* 31 */,
    0xCBA8D71CCE6D4359 /* 32 */,0xFD161BEBEBEC8CC7 /* 33 */,0x234ED6E775D1421A /* 34 */,0x4557AF559C2BFCA4 /* 35 */,0xF9ED2AA57AC195C3 /* 36 */,0x933EFBA72CFD3104 /* 37 */,0x786E5EB66040CAE4 /* 38 */,0x9AB275CAB7A0607C /* 39 */,
    0xAD3DD5C7001E7311 /* 40 */,0xCFA4A0A33395FB83 /* 41 */,0x1DC850A7C7376E53 /* 42 */,0x91524BF4CFC3F7F3 /* 43 */,0xE54AE10C4EA551AE /* 44 */,0xD741E2D0E123551E /* 45 */,0xA75BD6A0B069625F /* 46 */,0x0D10F3C274A4C12F /* 47 */,
    0xD1A3DDB10D4A30FD /* 48 */,0x30D806B3E4FA6625 /* 49 */,0x1B1EDA7735C52A8A /* 50 */,0xC2C84095B0F931E6 /* 51 */,0xDAC97CA8FAD77E42 /* 52 */,0x9E9142CEF16F36D6 /* 53 */,0x5E8630ED7A79DF0F /* 54 */,0x272EC41CF32C8F3C /* 55 */,
    0x9716A99F78791AD9 /* 56 */,0x09E367A81AAA228C /* 57 */,0x18701A2E1C5C2495 /* 58 */,0xA53DEFC5D149A0F4 /* 59 */,0x8C925EFA085BDB11 /* 60 */,0x9005E18E92C387B6 /* 61 */,0xE255A6DE4598629E /* 62 */,0xA1093AD17C5E76AC /* 63 */,
    /* 1 Black Pawn */
    0x7B7FAE5C330BE493 /*  0 */,0x65D7849C1668FFCD /*  1 */,0x016219D461A8B961 /*  2 */,0xEE995136CAB01858 /*  3 */,0x937E7A38C300EB52 /*  4 */,0x421B7A26EEA3A7FF /*  5 */,0xD0FA8DDE0D1321F9 /*  6 */,0xF36D5DAE77428B63 /*  7 */,
    0xEB2FDC1290FFDD12 /*  8 */,0x2A1D08D4EBB43F9B /*  9 */,0x6AA0CF0A6A40BF7C /* 10 */,0x4E64C14E474D458B /* 11 */,0x1079DB1FC97C4149 /* 12 */,0x3E368C8C8FBC761F /* 13 */,0x16718993D12F034D /* 14 */,0x14EA47D96792593D /* 15 */,
    0x9ED3DA9BC48CCB15 /* 16 */,0x3B94892ECF7793DE /* 17 */,0x2BF637B524D47596 /* 18 */,0x3AD1E8F312C5B5F2 /* 19 */,0x1DF9B17A30E993B4 /* 20 */,0x2C1BEB670754F0D9 /* 21 */,0xB4E3D3F402DBAD02 /* 22 */,0xAB3A7DAB2E6E3328 /* 23 */,
    0x13950AAED1A1DF2A /* 24 */,0xAD3015555A0375DC /* 25 */,0x2E146915299C127A /* 26 */,0xA12E95FDB12492BF /* 27 */,0x72C5223F98A74BDC /* 28 */,0x7C518D7D42C3CDF8 /* 29 */,0x0C831DF1ED62F46B /* 30 */,0x89E3A47351927208 /* 31 */,
    0x9852E969ADCA9056 /* 32 */,0xE205DDD5AB0357F1 /* 33 */,0x15844B8CB42C3186 /* 34 */,0xF931C28AC972A2AF /* 35 */,0x5BA8BC3BB0AE2650 /* 36 */,0xB24EB3C3D466E1D9 /* 37 */,0x7F2ED5BDA93443FB /* 38 */,0x882AF206B2400A5D /* 39 */,
    0xF58D340FBACDA096 /* 40 */,0x208341E6F8830DB8 /* 41 */,0x5ADD61A4E01BF995 /* 42 */,0xF88B7AF30012B256 /* 43 */,0x1BC8FB668ABEC8FF /* 44 */,0x895CC6FBB834C7CE /* 45 */,0xB127F3C93FC90373 /* 46 */,0x96FC371DD5FF3D83 /* 47 */,
    0xE536FE93923196F9 /* 48 */,0xD57683C9847F4789 /* 49 */,0x04C97693F456D324 /* 50 */,0xF9CA558C0A3FC33C /* 51 */,0x334D3D85ABB4DA4E /* 52 */,0x5BF82E2C9BEF0FEF /* 53 */,0x5951C6F8BF21BFEF /* 54 */,0xEEC9EA1994CCE2B6 /* 55 */,
    0x1A568A1DA6B47C5C /* 56 */,0xCD15E9A05A7ADB18 /* 57 */,0xD7BDB4A5D7C40E3A /* 58 */,0x32A4D38BF89CB00B /* 59 */,0xE99EBE525CA8F80E /* 60 */,0x0A5FD4C2A0076AA1 /* 61 */,0x162A0709E0DE2BBC /* 62 */,0x0855754DFB57ECDC /* 63 */,
    /* 2 White Knight */
    0xA0E40A995C0662D5 /*  0 */,0x8FDF71B7CF857515 /*  1 */,0x0E2512EE0934B9F2 /*  2 */,0xD6BE3805766407E1 /*  3 */,0x4E09590B5A24FDE1 /*  4 */,0x8603A9094AD1BDA9 /*  5 */,0x463CE4E5817498E5 /*  6 */,0x3D2D987B33B50A11 /*  7 */,
    0xED898CF0A31B4EB3 /*  8 */,0x56DB6ADBD87B7AD7 /*  9 */,0x5E7862599B61EED0 /* 10 */,0x59428BF71947CDA9 /* 11 */,0x9AFB195FE2521004 /* 12 */,0xCD9C23D228209A4A /* 13 */,0x70976A4DEB9AEC2B /* 14 */,0x728E48291E8A5B1F /* 15 */,
    0xF04308D1CCC3BE20 /* 16 */,0x121E9CAD8EF743B2 /* 17 */,0x66A5E0B2EDADDDEE /* 18 */,0x0229614BCB73B0C2 /* 19 */,0x707444B520571BFF /* 20 */,0x79FA634CFD2D2618 /* 21 */,0xF1D56A1BC2D8F679 /* 22 */,0xA2DE6F74B87CC897 /* 23 */,
    0xFE3439C5AB0163E1 /* 24 */,0x3B0B23E69B798F88 /* 25 */,0x1689F30CA0E3AFB9 /* 26 */,0x5EECE38DDD862FA2 /* 27 */,0x4B5A79D1026F0FC0 /* 28 */,0xDF85CC20F68BBF40 /* 29 */,0xC636A158395D9DA3 /* 30 */,0x2871481B959AE2E6 /* 31 */,
    0xCD069C6E854A24AA /* 32 */,0xF29007768C64D259 /* 33 */,0x001FC2489DF174B1 /* 34 */,0xCA942CCD23C89386 /* 35 */,0x56AFE579784A10C8 /* 36 */,0x5D36810DB9174A28 /* 37 */,0x8843F7BC55B74AFC /* 38 */,0x4EDDC95CA7D19DA8 /* 39 */,
    0x3BBAF9E9AE2A60D7 /* 40 */,0x049690D988FDFA68 /* 41 */,0x4D59AEDF290CEC3C /* 42 */,0xA13443D951145EBA /* 43 */,0xC395345BDCD55D1F /* 44 */,0xFA1802CDC67A0194 /* 45 */,0xEB8EC9FBA5D87CE1 /* 46 */,0x4F41EF3C482D3D09 /* 47 */,
    0xE75825E8CAA5D71A /* 48 */,0x0A6FA9EDAC6B15FB /* 49 */,0xFE78D7BB82F7796C /* 50 */,0x764A5D3FDEE17B01 /* 51 */,0xD77743C1A5A0EBF2 /* 52 */,0xC9F01122BFC9B680 /* 53 */,0x04FB72CF6D6EF42E /* 54 */,0x75FCF9E6A507268F /* 55 */,
    0xDD7AEA420614EF2A /* 56 */,0x586C8B6B5D86764C /* 57 */,0x1241791786F8C1F3 /* 58 */,0xC9060A3DB5A6311E /* 59 */,0x49FE7F9D13D00142 /* 60 */,0x48731DAA04F99FFA /* 61 */,0xCD8D52568E9CB1CD /* 62 */,0xED19BE897E7D9E12 /* 63 */,
    /* 3 Black Knight */
    0x79C6AC465FE19F32 /*  0 */,0xCB430089AB20E2EF /*  1 */,0x6E6C708808E07CEF /*  2 */,0x4B7AC5918D68389F /*  3 */,0x543D38CDE718024A /*  4 */,0x50E186C6239972B4 /*  5 */,0x31BD95DD16ED389C /*  6 */,0x8939E00A02B56141 /*  7 */,
    0x29FA88A01601C375 /*  8 */,0x0A6EF8B14BDFA830 /*  9 */,0xB14233F434B45938 /* 10 */,0x6EDE79273B883959 /* 11 */,0xF538DC52D26CAFE6 /* 12 */,0xF42C6805DF43900A /* 13 */,0x3202B6B4BD62889B /* 14 */,0x1D9B7ABBEDC47173 /* 15 */,
    0x71D23B08E085ACC6 /* 16 */,0xE97AA51CF9ECFFB5 /* 17 */,0xAFA395469835CB39 /* 18 */,0x57559AB4F5AF7859 /* 19 */,0x63A21165C836B1A7 /* 20 */,0xF86E822793B16726 /* 21 */,0xD1F1D718941571E5 /* 22 */,0x2C25BD814BE5C8AD /* 23 */,
    0xB7D6CB7F7E3C1268 /* 24 */,0x975065F080DEE193 /* 25 */,0x433A61AE6FAEF246 /* 26 */,0xB20BBA6C3BF94A71 /* 27 */,0xEBF2F91EA11955E9 /* 28 */,0xB1C02FCEA76268E4 /* 29 */,0x6C58D59BFF297C4A /* 30 */,0x51D0EEDD950166F6 /* 31 */,
    0xE7CC34899D846C22 /* 32 */,0x2DBAD96C32681327 /* 33 */,0x80AD7C744DD8C220 /* 34 */,0x233BE38C8F497664 /* 35 */,0xCC992AFFD3D6558D /* 36 */,0xA6A2673CD656B27D /* 37 */,0xBF4068BA9392B3E9 /* 38 */,0x1F1D6A6B317B556B /* 39 */,
    0x330599735F8D69BA /* 40 */,0xE4FEB93BA6F231CF /* 41 */,0x62F26B3D88D6139C /* 42 */,0xB01A101F14F52F0D /* 43 */,0x15FAE99CEF19B693 /* 44 */,0x5C22CC0CAC0521B7 /* 45 */,0x1F875040C0B6612B /* 46 */,0x2AC29154E6A98E5F /* 47 */,
    0xEEECB9F16B1F669F /* 48 */,0x469419E681A12FD7 /* 49 */,0x8955A52E5A3C9B33 /* 50 */,0x7F837523533C75EC /* 51 */,0xE3CA85584FAB93CB /* 52 */,0xDCCB6D07D8BEDF9F /* 53 */,0x1BE6BC19F1AA9485 /* 54 */,0x73221BB6BE821F88 /* 55 */,
    0x29A722D0685901FD /* 56 */,0xEE820AB32978B30A /* 57 */,0x9CB16278F5EAE728 /* 58 */,0x4755C68CFA7F3047 /* 59 */,0xDE0A347BC6109EAE /* 60 */,0x9C339956D6C809F8 /* 61 */,0x826851D15B8FC240 /* 62 */,0x3AB6799CDC7CC9F1 /* 63 */,
    /* 4 White Bishop */
    0x067405A8914F8C2C /*  0 */,0x464A74D469CC8B1E /*  1 */,0x838C6FDC671F7F6A /*  2 */,0x639C62C3AD5B8378 /*  3 */,0x77B5BF0828B26F1C /*  4 */,0xA6263AACE561C4AE /*  5 */,0xD09A6F0CFD01BD61 /*  6 */,0xA835766457D1A26F /*  7 */,
    0x758D741067875F78 /*  8 */,0x0659EC2F887EB8AF /*  9 */,0x890ACC609C801EB8 /* 10 */,0x9BE464A20009D7F8 /* 11 */,0xFF534526CBB6202B /* 12 */,0xDA74C12C2A931DDE /* 13 */,0x57CE667CCFFC48EF /* 14 */,0x166ED56FC17C0FB9 /* 15 */,
    0xD49FDB795A65961F /* 16 */,0x74DCFBAB7D6C786B /* 17 */,0x6D39CE01FAC19A7F /* 18 */,0x567CB83FB20347F8 /* 19 */,0xAE05C8920685BD7E /* 20 */,0x8FAE6AA6250E279D /* 21 */,0xE7C632C302B4E490 /* 22 */,0x01B0A73359A3ED2F /* 23 */,
    0xA4BADE5A05181BB7 /* 24 */,0xEA075433101D44DC /* 25 */,0x75EECE97C9ABA2F0 /* 26 */,0x49E1C17F1A3F9EEE /* 27 */,0xD2D99B24DBFD58D6 /* 28 */,0xC758E8DD9E65F36F /* 29 */,0xF5A79F346B7E0E8C /* 30 */,0x51A40E0ED2BB899B /* 31 */,
    0xFF251A39FC95F1BB /* 32 */,0x58AC260F50790D9B /* 33 */,0x5C07D047ED07CD3A /* 34 */,0xE01417FE14BA7103 /* 35 */,0x38EBB145BD7FC0B4 /* 36 */,0x4F5099D119AB551B /* 37 */,0x6B0E7FC34B72864A /* 38 */,0x6EDD2AF11DF1D100 /* 39 */,
    0x736054150811B538 /* 40 */,0x042D6D0D120A42DA /* 41 */,0xBD3706F387812274 /* 42 */,0x907335C5A29E29D4 /* 43 */,0xE519ABB84CA1298F /* 44 */,0xAF7B6CC0A3C8CE83 /* 45 */,0xA7C48FA552A87A85 /* 46 */,0x2CF45CB0FC5F4EDD /* 47 */,
    0xEE59E591FC199549 /* 48 */,0x0EA516D6D551E048 /* 49 */,0xB597874AAFE750E0 /* 50 */,0x6B01A8D33EDBEC8E /* 51 */,0x9D6EDC9AFDC5A56B /* 52 */,0x24BEF88F36938494 /* 53 */,0x27D4AFA28DD38D30 /* 54 */,0xA28312531A2FE967 /* 55 */,
    0x6F69AB10B0E0E19C /* 56 */,0x3AFB8F75A29FF26C /* 57 */,0x4CB3DBE0D89F2F2A /* 58 */,0xBFB7CC37DF357572 /* 59 */,0x287DAD162E39448D /* 60 */,0xE773B98507CA15C4 /* 61 */,0xFB6D439660B27F86 /* 62 */,0xC62F20EB77D0B1BA /* 63 */,
    /* 5 Black Bishop */
    0x72D5C6B884217CAA /*  0 */,0x097917021DF635DA /*  1 */,0x086E73E70CB18DF1 /*  2 */,0xE9FC7223DCED0ECA /*  3 */,0x004A95F4BB1A631E /*  4 */,0x12FE158C779F1722 /*  5 */,0x1F268D3F3F206028 /*  6 */,0xA27E6A29C28C8E4B /*  7 */,
    0x59A7FCA694D2B2DF /*  8 */,0x97C34F66A596208B /*  9 */,0x2006D40DB698A244 /* 10 */,0xF5691A4A4ABA526E /* 11 */,0x26A9C8E85B00352B /* 12 */,0x3AE4CBB063C8947F /* 13 */,0x0B36A56AA2EA1C31 /* 14 */,0xE149B0B6EFC5E8C2 /* 15 */,
    0x346B3085C518E6F4 /* 16 */,0xB86F35B5C7E97C3A /* 17 */,0x58F5249AB42119EB /* 18 */,0x8EDB759D06C1CAC4 /* 19 */,0xB6FEFE6149BB77AB /* 20 */,0xDAE8102294933DC7 /* 21 */,0x6247B5891755E00E /* 22 */,0x075F40B2471DA056 /* 23 */,
    0x7EC49AEB51743456 /* 24 */,0xCD772283E9A0BFFC /* 25 */,0x1AA5D0758E4AC8D7 /* 26 */,0xC318F3ABDA28122A /* 27 */,0xBB1DDE668523D436 /* 28 */,0xFCE7A04D0E426BB5 /* 29 */,0xFE775B927E3892A4 /* 30 */,0x50700D4DAC15A243 /* 31 */,
    0x12189BCCFB992D83 /* 32 */,0x865C23D83BA26EAE /* 33 */,0xAF71FEDE5B89377E /* 34 */,0xCFC665118DA740D9 /* 35 */,0xC0C5863FA0A5703F /* 36 */,0x188ABC76B663E737 /* 37 */,0xD981C026FD6606AC /* 38 */,0xC54D71678E0FA468 /* 39 */,
    0xDCD6E634973A480E /* 40 */,0x37D407744920B278 /* 41 */,0x03E0F2224EF19890 /* 42 */,0xD7CF905001D78C33 /* 43 */,0xBBAD91083384D385 /* 44 */,0x3B4F367C64C83C1D /* 45 */,0x59EE4B049D2DE286 /* 46 */,0x73C36444ECE85CF7 /* 47 */,
    0x0BF8730E128A07E0 /* 48 */,0x8684525364BC7D78 /* 49 */,0x7A281BD7174E09AF /* 50 */,0xC9C93942F8FC851C /* 51 */,0xDF4FF9E1048D1CEB /* 52 */,0x1CAAF916FE034D8D /* 53 */,0xAB05AEBE37964BCE /* 54 */,0xAC2B15595B7B3AAB /* 55 */,
    0x793A919236CD23DB /* 56 */,0x26CEC841824EDF1A /* 57 */,0x5179D78C01308221 /* 58 */,0x1082582072FD705A /* 59 */,0x44D7C6DD44D4E828 /* 60 */,0x5BBB11E85C6DBF30 /* 61 */,0x36436C3272B203B7 /* 62 */,0x175FD05EE9A03921 /* 63 */,
    /* 6 White Rook */
    0x20E003EF4F9A878B /*  0 */,0xE3CB3B0B27949F5A /*  1 */,0x24162BB5D5CD2CC4 /*  2 */,0x02E2906B245F562B /*  3 */,0x0FFB7BD643439828 /*  4 */,0x898E92390FB61FF0 /*  5 */,0x602EF6BB44B1ECA9 /*  6 */,0x188D731FB2427F44 /*  7 */,
    0x7CCBD45CEB7CDCEC /*  8 */,0x83FAC887C6F65884 /*  9 */,0xB0D7D2C4E152FB79 /* 10 */,0xE7234C992EA95A9E /* 11 */,0x255869050675F8AB /* 12 */,0xCBF79040BB5A643E /* 13 */,0xC76623EDAA5EC8C1 /* 14 */,0x918F89F6D0267430 /* 15 */,
    0xE465C0A7A6B3CBCF /* 16 */,0x8CC6E7BD611B6AC6 /* 17 */,0x2C8F16A1A52900E1 /* 18 */,0xEE109F779D45C969 /* 19 */,0xFD658F1D7C8D5360 /* 20 */,0x00376D02A37B1C9F /* 21 */,0xCEB0A04B862447D4 /* 22 */,0xB34D885FE78F2C6D /* 23 */,
    0xEEB0EC90213A492D /* 24 */,0x0FFCD01C3F979CE4 /* 25 */,0xD32F4714AE81AD13 /* 26 */,0x93BC9147506A3F7E /* 27 */,0x4B06FC4D57DE033D /* 28 */,0xE9C9C9040CA6BA9E /* 29 */,0xF429BA84117E64FF /* 30 */,0xB9D204479F276D23 /* 31 */,
    0x26D61BBC312463E6 /* 32 */,0xCF06180363AF653B /* 33 */,0xB9E2C116F4A8E690 /* 34 */,0x6A16E66EBF89F148 /* 35 */,0x2AC2C91EFD5A6C08 /* 36 */,0xF520BEABBB0E04C5 /* 37 */,0x3B3996D74ADD4404 /* 38 */,0x1341F8233D6CCF67 /* 39 */,
    0xA7360B1EDB96A278 /* 40 */,0x75726A81C1A10624 /* 41 */,0x2766AB554142A317 /* 42 */,0x83B12307462C8156 /* 43 */,0x0491B08D2EB8C327 /* 44 */,0x2E24BE1C8FF53F51 /* 45 */,0xA8773166ECA97249 /* 46 */,0x720E963DAB4F82EE /* 47 */,
    0xABC246FDFF83030D /* 48 */,0x448FF117C1BEDE6C /* 49 */,0x25DF97E6089E6289 /* 50 */,0x8CA2786C887894CD /* 51 */,0x1B6B97B5430378CF /* 52 */,0xFA2CCD8F8C785676 /* 53 */,0x86543E1A28BC087D /* 54 */,0xC0492BDB183FF0EE /* 55 */,
    0x06F7CCA143D81B99 /* 56 */,0x9DAE51D5F868D636 /* 57 */,0x3ED651949A9C1666 /* 58 */,0x7F626EB957549CA2 /* 59 */,0xB803A50FE938D1BE /* 60 */,0x2F2DAD60E02302EC /* 61 */,0xD3214B756591922D /* 62 */,0x30CCF15D613BD56C /* 63 */,
    /* 7 Black Rook */
    0xBE510416739DD7F0 /*  0 */,0xEC83101F2C6C5828 /*  1 */,0x59D0697220AF5A38 /*  2 */,0xDB08D9C92590451D /*  3 */,0xAD9576E7B4406540 /*  4 */,0xAABD9A32CB5F3882 /*  5 */,0xB64563DF6E169CF1 /*  6 */,0x8831F401769E3BE5 /*  7 */,
    0x46E7B839FAB9796E /*  8 */,0xE1A6F01798D5C68F /*  9 */,0x90FED44ED7ECF1C9 /* 10 */,0xB5BFF3B5D849A446 /* 11 */,0x04C4D688DCEEB769 /* 12 */,0x0B5CF48FEAA97C5C /* 13 */,0x04BDD088857B6CAB /* 14 */,0x0F46A3530FD3AA7D /* 15 */,
    0x3AA6DF6B7DB180C8 /* 16 */,0x073841A2458DE46E /* 17 */,0xECCC833501E4D5A1 /* 18 */,0x63E736E908C512ED /* 19 */,0xBBC09E388D385317 /* 20 */,0x29394CD382659198 /* 21 */,0x03821D49C4F780E6 /* 22 */,0xCB09C21D9FEFDC86 /* 23 */,
    0xCC5EF5FEB39A2EBD /* 24 */,0x140050B68942E9F8 /* 25 */,0x4D12660CCA5B92CF /* 26 */,0x71E9A2AF411F1BA7 /* 27 */,0x53166829555038A7 /* 28 */,0x29B25C6C1C72BFFE /* 29 */,0x44EE63D2AFC60E2A /* 30 */,0xDA02427C832A748A /* 31 */,
    0xF8A3C2904C07AAF5 /* 32 */,0xDFFC36163DF73D94 /* 33 */,0xAE83876166E36FB4 /* 34 */,0x43B2C580C21DB566 /* 35 */,0x80F0D53563812524 /* 36 */,0x9E5F0DCEB80BB87F /* 37 */,0x009267199C05D1C1 /* 38 */,0x24C387BD43D8A085 /* 39 */,
    0xDFB656172A734A02 /* 40 */,0x07CA74A6D7374B73 /* 41 */,0x84402FC0BC9142F7 /* 42 */,0x4CBECDEE7A2C3F04 /* 43 */,0x6DCB548995452807 /* 44 */,0x5EF647E0092B4F22 /* 45 */,0x1EBC4CF388AA5D5A /* 46 */,0xCDE346923B17CC1B /* 47 */,
    0x9FAA1F365E6BE96B /* 48 */,0x508E985C3C65E210 /* 49 */,0x0F68DD3D44DB2EA3 /* 50 */,0xB0C6D149A1E7378F /* 51 */,0x50232962657D6CBE /* 52 */,0xA71170CE53282695 /* 53 */,0xA078A8C5B1268D97 /* 54 */,0xF99CA2204528F4B6 /* 55 */,
    0x8F14C57F73923DE2 /* 56 */,0x7E8BF9B5D7595FCD /* 57 */,0x82A3974BECFA454D /* 58 */,0xD2A71CD40577159C /* 59 */,0xE9B9CA43959D4787 /* 60 */,0x58F437A4386B78C3 /* 61 */,0x6E89EFBFAFD432E2 /* 62 */,0xFB08B0CA729CEA66 /* 63 */,
    /* 8 White Queen */
    0x34B616CA5B841011 /*  0 */,0xC5D23AD2C58D2406 /*  1 */,0xECBF19F2370E154C /*  2 */,0x579736F849181449 /*  3 */,0xEA82F78030EA0C46 /*  4 */,0x0660D59C3228DF53 /*  5 */,0x0F8F39DB0C6CB9BE /*  6 */,0xAAD47A762E4DD8B7 /*  7 */,
    0x57A20790F990BC31 /*  8 */,0x3C09119175EE3DE8 /*  9 */,0xACD86333921F0C60 /* 10 */,0xA041A67633AD5CFB /* 11 */,0xA9A7362C1011E4B0 /* 12 */,0xFD0C8264FD4F5EFE /* 13 */,0xB70A898E978A2562 /* 14 */,0x7355DFAA5CE7A419 /* 15 */,
    0x46C026F75C0515A3 /* 16 */,0xBC4A3FFACC17C232 /* 17 */,0xBD917FC7C5CC949F /* 18 */,0x1082A7BEC8D310A2 /* 19 */,0xF9CC26B7538D6FB6 /* 20 */,0xC4027442BC39F554 /* 21 */,0x93CD59625764FA96 /* 22 */,0x52A48A61255ECF7B /* 23 */,
    0xE52F332302E89D32 /* 24 */,0x7B72D5E89E700BD6 /* 25 */,0xBA9CE5626786A702 /* 26 */,0xBB1267BF6DD722C2 /* 27 */,0xCC260E259739D517 /* 28 */,0x8A4E9833C010AF0A /* 29 */,0x5EB8C8DF9DC7ABE8 /* 30 */,0x4E998EEF1D61CE82 /* 31 */,
    0xEFF8DDD2C7D7C9D1 /* 32 */,0xF55B0924CCF2A522 /* 33 */,0x0DF38751387C9DBA /* 34 */,0xDA6AE3ADBA5AA981 /* 35 */,0x8D738F24003E8CB8 /* 36 */,0x1DCDABC78475DDD5 /* 37 */,0x25C46CDF1CB9BFAA /* 38 */,0x152299F665AA5A1B /* 39 */,
    0xA11FA3C4133F9A87 /* 40 */,0x5C18D4AA0BCC0B12 /* 41 */,0x899CB3282009A230 /* 42 */,0x9D98824545998B0D /* 43 */,0x5176B5812826A628 /* 44 */,0x0E0600B52BE9D73C /* 45 */,0xD9A98DAB221269F8 /* 46 */,0xC6C7F70936DC1CED /* 47 */,
    0x0C22A576DF2841FD /* 48 */,0x97F02F044EAD77E4 /* 49 */,0x833DCDCAE6D45AC1 /* 50 */,0x5E398008DB73D8A0 /* 51 */,0xCEAB169A93A8FA74 /* 52 */,0x32CC86C4B7A48F53 /* 53 */,0x7DED22BE41BE52DD /* 54 */,0xB76EFB1AEF10D55F /* 55 */,
    0x69465702475D2572 /* 56 */,0x1EF8EF9689B5A9A3 /* 57 */,0xAF8FE1A05060D9CB /* 58 */,0x5A82ECDD42F7E786 /* 59 */,0x42A6E3BBE0022875 /* 60 */,0xBE8F1D9F68D38DC9 /* 61 */,0x19885B806162A4CA /* 62 */,0xAD99DAD8BC5A7918 /* 63 */,
    /* 9 Black Queen */
    0x3FD9ED9D936A88DE /*  0 */,0xFF8E8EA738B0A582 /*  1 */,0xC27BE550AE8E902C /*  2 */,0x9C6B7EB0FC36FE49 /*  3 */,0x581C968FE19BFFD5 /*  4 */,0xDBDCB22B9B03CF6C /*  5 */,0x7BCFF0FA1520178B /*  6 */,0x9832CE1D5B0C8BBD /*  7 */,
    0x3219C400C2DD314B /*  8 */,0xD766EAA888AD8228 /*  9 */,0xBE83BD63FDA42854 /* 10 */,0x0255270C87CA8645 /* 11 */,0xDF430C0F75F030B0 /* 12 */,0x83CBAA57CBBDF210 /* 13 */,0x6F9BBC0D9343D94E /* 14 */,0xFC110E85D76D2323 /* 15 */,
    0xF978D8E5DA8B9C0F /* 16 */,0xBB4E4D45E3EDC3E1 /* 17 */,0x8CF871DC8026E7AF /* 18 */,0x6DB63991D293F11C /* 19 */,0x5CE5D32166FC202A /* 20 */,0x0DB0748A7064CA82 /* 21 */,0xD08945A30C6CA5C6 /* 22 */,0x10C1F101DF64256D /* 23 */,
    0x5B856A5D1C2D5695 /* 24 */,0x54F45A3955D04F9E /* 25 */,0x24156FF908E5A2B7 /* 26 */,0xA28F6F0BCE3DB36F /* 27 */,0xB5A0A3D019148EB7 /* 28 */,0xD979EE228E9190D2 /* 29 */,0xDA477622D906787C /* 30 */,0x5791B465B055C516 /* 31 */,
    0x0BAFE7E4ED09D8EA /* 32 */,0xBCC481FCDBBFE09A /* 33 */,0x4CAAB964C5FCE3D3 /* 34 */,0x6960DDDABB1D5409 /* 35 */,0x469339BA6FA66000 /* 36 */,0x6C6D28A5A9F57A46 /* 37 */,0x90E2944CF164C30E /* 38 */,0x03F31EC0A0030C82 /* 39 */,
    0x983396D365F6EB6C /* 40 */,0xDCCF358F94F4429D /* 41 */,0x66BC8CCD8CAA4C2C /* 42 */,0x7FBFE4F94C31F342 /* 43 */,0x3B5543D6921E198D /* 44 */,0x5FCC07855872FDDB /* 45 */,0x8A56651C455C88D0 /* 46 */,0x7D28B34ECB42B830 /* 47 */,
    0x4323F1658969863B /* 48 */,0x4C7261D120E63755 /* 49 */,0x121654DB48A9BBE6 /* 50 */,0x5D50F5A072D60DDA /* 51 */,0x3FC3373197F9B9AE /* 52 */,0xEBDA2CDE9F2B1FC9 /* 53 */,0x464A96A1F2E4EE3C /* 54 */,0x5832CC9047EADB0F /* 55 */,
    0x0F420EE7D1F0185A /* 56 */,0x23C39650AA275D5D /* 57 */,0xEE7E8063A7B0A051 /* 58 */,0x326F0D6BAF616FC9 /* 59 */,0x2B871B46CA65D419 /* 60 */,0x8E2812A675FFD772 /* 61 */,0xC681978A847D4FCA /* 62 */,0x09816E7465719FCB /* 63 */,
    /* 10 White King */
    0x67D14B3014CC4E97 /*  0 */,0x3A957DEF75746058 /*  1 */,0x3346EF848ABED41D /*  2 */,0x15BDD1B0B99408A4 /*  3 */,0xE986FDD1D0F30836 /*  4 */,0x279029342CDE65C5 /*  5 */,0xAA24A61494069544 /*  6 */,0x699B5CA6A5B4D811 /*  7 */,
    0x1A12DA97A82EF074 /*  8 */,0x5BBE030FB2330127 /*  9 */,0x0C8EEDCAFD353E69 /* 10 */,0xCCCD1F04BCE31D48 /* 11 */,0x02E46B5CB8065B86 /* 12 */,0xFC3C520CB74E8F3E /* 13 */,0x3A36F1C21D3684A7 /* 14 */,0x4320E161F67ADD5B /* 15 */,
    0x3BD29F548AD53449 /* 16 */,0xD6A744A3EA00B959 /* 17 */,0x6A6B9E6F238BCAB8 /* 18 */,0x4B7C1E1D88EFE009 /* 19 */,0xDCED91DE71EDCBF7 /* 20 */,0x6D9254BE0BCABD37 /* 21 */,0x422E40865FA2C27E /* 22 */,0xBF745A2C7DCC3B9F /* 23 */,
    0x55CCD6A1EDE68C23 /* 24 */,0x6E20ABCD1BDA4DD0 /* 25 */,0x96BDF58C4812873D /* 26 */,0x0A50D5372B3181E4 /* 27 */,0x974DB66011041D32 /* 28 */,0x01904461F49A1208 /* 29 */,0x3706B549C3B931AF /* 30 */,0xE286F442F1A56DB5 /* 31 */,
    0xA992FF39E2F66620 /* 32 */,0xF534B722DFBBF13D /* 33 */,0x0FB530372E00DB19 /* 34 */,0xE9C26A44CF8522E6 /* 35 */,0x9307F11DEE7416F5 /* 36 */,0x16F1DA7BE84968FB /* 37 */,0x42EAEEB2488E99EC /* 38 */,0xB1856E71485CC637 /* 39 */,
    0x6FC90C2BE0117058 /* 40 */,0xA57B977FB2EC9934 /* 41 */,0x0EC177D2F580F91E /* 42 */,0xD4D5D80B41B2900B /* 43 */,0x1146CC4708AFF3DF /* 44 */,0xEEE056E77B672181 /* 45 */,0x97252E1BD9E478A2 /* 46 */,0x643E712315C9B7FF /* 47 */,
    0x54E9F323C4B29131 /* 48 */,0x95117FDF63BB1073 /* 49 */,0xF60A1403117B5351 /* 50 */,0x51C0232B9574CB42 /* 51 */,0x829BBBAC96867971 /* 52 */,0x1D1DC3DC651C76C6 /* 53 */,0x1330733E17AD8AB9 /* 54 */,0x428D2D772507CD06 /* 55 */,
    0xE458F60F84203115 /* 56 */,0xEFC81680722C8EFA /* 57 */,0xC437E636C9CBA79F /* 58 */,0x9F8D451E26C58A34 /* 59 */,0x881E76D6733CA85B /* 60 */,0xABC2131C40D3D798 /* 61 */,0xE82E7A7220969D9D /* 62 */,0x06D25A96EEFE4C15 /* 63 */,
    /* 11 Black King */
    0x1045E94BC0972E72 /*  0 */,0x51DB10E7D324F5C7 /*  1 */,0xEAAA6DF97CEE3942 /*  2 */,0x14878A9642167232 /*  3 */,0x93DC9A1A4526D8EF /*  4 */,0x1840EC1C7E806DAE /*  5 */,0xBAB345769A778D39 /*  6 */,0xDD954E26EF06B0E7 /*  7 */,
    0xABEED3C4C62983A4 /*  8 */,0x01D295B7EB0E4E7C /*  9 */,0x52D54765890838FD /* 10 */,0x35C540AB32785055 /* 11 */,0xA54B72E40ECE2646 /* 12 */,0xFE4B818B0D72716A /* 13 */,0xCD8E995F9A3F6FC6 /* 14 */,0xF2F8A947FCDDF203 /* 15 */,
    0x628737F7B9214F0C /* 16 */,0xCA3ED35C3E376B85 /* 17 */,0x347CA97EACECC968 /* 18 */,0xCA3390F1B3502A5D /* 19 */,0xC61908D607B0DFAE /* 20 */,0x722AE67AB5210349 /* 21 */,0x06D926E3C898CE21 /* 22 */,0x339E4D13D92D574D /* 23 */,
    0x0749F6DC51211569 /* 24 */,0x8455D1F3EBE098AC /* 25 */,0x3B7A4044314BACBB /* 26 */,0x087CE9B10EBE5478 /* 27 */,0x7460A5C526A45C39 /* 28 */,0x36CB937EE91C2EA4 /* 29 */,0x59692942ED7D9706 /* 30 */,0x1656A8685E00A4A1 /* 31 */,
    0x14100DED441624A5 /* 32 */,0x024176D495633121 /* 33 */,0x977F0F901FDDA1EC /* 34 */,0xC8616467C708E807 /* 35 */,0x057CCFDEC0B565AD /* 36 */,0x6100A154F8181FDC /* 37 */,0xDAB7B3B086ECA7D0 /* 38 */,0xF1D013DC857C6AD6 /* 39 */,
    0x6CE1BC8A68390C79 /* 40 */,0xDB45984D2E032A6B /* 41 */,0x7C95996C4BC3C52B /* 42 */,0x9F49B0EAE987B5F6 /* 43 */,0xBFBEFD78A3E21C23 /* 44 */,0x80AC8E6E23751A98 /* 45 */,0x25BB5287DCBA6D76 /* 46 */,0xA40ADCCDD5A96443 /* 47 */,
    0x961732645C3F289D /* 48 */,0x2149CD43AAD3843D /* 49 */,0xAA6267ABDE33C28D /* 50 */,0x8CC2EFEFA7AEC50B /* 51 */,0x697595E4BA80E092 /* 52 */,0x0E7490F75F3663A2 /* 53 */,0xA53B5B59E99370D1 /* 54 */,0x4134315D4D4FAFAC /* 55 */,
    0x708DCBFB267F2245 /* 56 */,0x6138D14AB911E05E /* 57 */,0x714540BF946CFC73 /* 58 */,0x80259EA2EB13C8A7 /* 59 */,0xD780DD84BFAF2DD9 /* 60 */,0x98671FFDC351AFBE /* 61 */,0xA7232DF872FB51A3 /* 62 */,0x462B8BD8041F8B5E /* 63 */
};

static constexpr std::array<ZobristKey, 8> enPassantFileKeys = {
    0xF4BBE84ED312A0A0 /* 0 */,
    0x5983C4C3A7F22665 /* 1 */,
    0xDC457C2F8E4B2D85 /* 2 */,
    0xD4320F56591CE6F7 /* 3 */,
    0x242BB0DAB51AC35C /* 4 */,
    0xBABA09387FD503D0 /* 5 */,
    0x07E362E7B84F05E3 /* 6 */,
    0x7B717D50132D90B6 /* 7 */
};

static constexpr std::array<ZobristKey, 16> castlingKeys = {
    0x53A38464001C6CA2 /*  0 */,
    0xFD30E8113FD3E65C /*  1 */,
    0x593FA4ADCE357A9B /*  2 */,
    0x9D5CF5AF0DA1354E /*  3 */,
    0x3E9F41699CCD7A5E /*  4 */,
    0x6E858F7CB5BB3B81 /*  5 */,
    0xA179E06BF02366C6 /*  6 */,
    0x64D35AEA0BE75552 /*  7 */,
    0x7C79100FC0334F74 /*  8 */,
    0x32AD774B012AF201 /*  9 */,
    0xC1C3B77C5F0E1D84 /* 10 */,
    0x0E1C79FCE9183A17 /* 11 */,
    0xE09BC325D1926456 /* 12 */,
    0x52554B4E7040BA3D /* 13 */,
    0xBB80F4C0779A4347 /* 14 */,
    0xC4DED12FFA0019F4 /* 15 */
};

static constexpr ZobristKey blackSideKey = 0x9BF64A718D252880;

}
